d:\предметы\3 сем\курсовая\blackjack\blackjack\blackjack\debug\vc140.pdb
d:\предметы\3 сем\курсовая\blackjack\blackjack\blackjack\debug\vc140.idb
d:\предметы\3 сем\курсовая\blackjack\blackjack\blackjack\debug\algorithm.obj
d:\предметы\3 сем\курсовая\blackjack\blackjack\blackjack\debug\card.obj
d:\предметы\3 сем\курсовая\blackjack\blackjack\blackjack\debug\deck.obj
d:\предметы\3 сем\курсовая\blackjack\blackjack\blackjack\debug\file.obj
d:\предметы\3 сем\курсовая\blackjack\blackjack\blackjack\debug\game.obj
d:\предметы\3 сем\курсовая\blackjack\blackjack\blackjack\debug\genericplayer.obj
d:\предметы\3 сем\курсовая\blackjack\blackjack\blackjack\debug\hand.obj
d:\предметы\3 сем\курсовая\blackjack\blackjack\blackjack\debug\lobbyinterface.obj
d:\предметы\3 сем\курсовая\blackjack\blackjack\blackjack\debug\menu.obj
d:\предметы\3 сем\курсовая\blackjack\blackjack\blackjack\debug\player.obj
d:\предметы\3 сем\курсовая\blackjack\blackjack\blackjack\debug\main.obj
d:\предметы\3 сем\курсовая\blackjack\blackjack\blackjack\debug\house.obj
d:\предметы\3 сем\курсовая\blackjack\blackjack\blackjack\debug\queue.obj
d:\предметы\3 сем\курсовая\blackjack\blackjack\blackjack\debug\safefunctions.obj
d:\предметы\3 сем\курсовая\blackjack\blackjack\blackjack\debug\textfile.obj
d:\предметы\3 сем\курсовая\blackjack\blackjack\debug\blackjack.ilk
d:\предметы\3 сем\курсовая\blackjack\blackjack\debug\blackjack.exe
d:\предметы\3 сем\курсовая\blackjack\blackjack\debug\blackjack.pdb
d:\предметы\3 сем\курсовая\blackjack\blackjack\blackjack\debug\blackjack.res
d:\предметы\3 сем\курсовая\blackjack\blackjack\blackjack\debug\blackjack.tlog\cl.command.1.tlog
d:\предметы\3 сем\курсовая\blackjack\blackjack\blackjack\debug\blackjack.tlog\cl.read.1.tlog
d:\предметы\3 сем\курсовая\blackjack\blackjack\blackjack\debug\blackjack.tlog\cl.write.1.tlog
d:\предметы\3 сем\курсовая\blackjack\blackjack\blackjack\debug\blackjack.tlog\link.command.1.tlog
d:\предметы\3 сем\курсовая\blackjack\blackjack\blackjack\debug\blackjack.tlog\link.read.1.tlog
d:\предметы\3 сем\курсовая\blackjack\blackjack\blackjack\debug\blackjack.tlog\link.write.1.tlog
d:\предметы\3 сем\курсовая\blackjack\blackjack\blackjack\debug\blackjack.tlog\rc.command.1.tlog
d:\предметы\3 сем\курсовая\blackjack\blackjack\blackjack\debug\blackjack.tlog\rc.read.1.tlog
d:\предметы\3 сем\курсовая\blackjack\blackjack\blackjack\debug\blackjack.tlog\rc.write.1.tlog
